<?xml version="1.0" encoding="UTF-8"?>
<!-- Generated by org.testng.reporters.JUnitReportReporter -->
<testsuite hostname="God-is-love" failures="0" tests="2" name="tests.LoginTest" time="2.037" errors="0" timestamp="2023-12-02T13:45:13 IST" skipped="0">
  <testcase classname="tests.LoginTest" name="login" time="1.636"/>
  <system-out/>
  <testcase classname="tests.LoginTest" name="login" time="0.401"/>
  <system-out/>
</testsuite> <!-- tests.LoginTest -->
