<?xml version="1.0" encoding="UTF-8"?>
<!-- Generated by org.testng.reporters.JUnitReportReporter -->
<testsuite hostname="God-is-love" failures="0" tests="1" name="frameworks.ecommerse.SignUp" time="1.380" errors="0" timestamp="2023-12-01T13:29:11 IST" skipped="0">
  <testcase classname="frameworks.ecommerse.SignUp" name="signUp" time="1.380"/>
  <system-out/>
</testsuite> <!-- frameworks.ecommerse.SignUp -->
