<?xml version="1.0" encoding="UTF-8"?>
<!-- Generated by org.testng.reporters.JUnitReportReporter -->
<testsuite hostname="God-is-love" failures="0" tests="1" name="frameworks.ecommerse.ItemsList" time="5.642" errors="0" timestamp="2023-12-01T17:13:04 IST" skipped="0">
  <testcase classname="frameworks.ecommerse.ItemsList" name="itemList" time="5.642"/>
  <system-out/>
</testsuite> <!-- frameworks.ecommerse.ItemsList -->
