<?xml version="1.0" encoding="UTF-8"?>
<!-- Generated by org.testng.reporters.JUnitReportReporter -->
<testsuite hostname="God-is-love" failures="0" tests="1" name="frameworks.ecommerse.Login" time="0.802" errors="0" timestamp="2023-12-01T13:35:31 IST" skipped="0">
  <testcase classname="frameworks.ecommerse.Login" name="login" time="0.802"/>
  <system-out/>
</testsuite> <!-- frameworks.ecommerse.Login -->
