<?xml version="1.0" encoding="UTF-8"?>
<!-- Generated by org.testng.reporters.JUnitReportReporter -->
<testsuite hostname="God-is-love" failures="0" tests="2" name="tests.AddtoCartTest" time="6.508" errors="0" timestamp="2023-12-02T13:47:27 IST" skipped="0">
  <testcase classname="tests.AddtoCartTest" name="cofirmOrder" time="1.223"/>
  <system-out/>
  <testcase classname="tests.AddtoCartTest" name="addTpCart" time="5.285"/>
  <system-out/>
</testsuite> <!-- tests.AddtoCartTest -->
