<?xml version="1.0" encoding="UTF-8"?>
<!-- Generated by org.testng.reporters.JUnitReportReporter -->
<testsuite hostname="God-is-love" failures="0" tests="1" name="com.restAssured.FirstStudentApp" time="1.762" errors="0" timestamp="2023-11-29T16:21:09 IST" skipped="0">
  <testcase classname="com.restAssured.FirstStudentApp" name="getMethod" time="1.762"/>
</testsuite> <!-- com.restAssured.FirstStudentApp -->
