<?xml version="1.0" encoding="UTF-8"?>
<!-- Generated by org.testng.reporters.JUnitReportReporter -->
<testsuite hostname="God-is-love" failures="0" tests="1" name="com.restAssured.BaseThings" time="1.158" errors="0" timestamp="2023-11-29T16:57:47 IST" skipped="0">
  <testcase classname="com.restAssured.BaseThings" name="get" time="1.158"/>
</testsuite> <!-- com.restAssured.BaseThings -->
